# JRE version: Java(TM) SE Runtime Environment (8.0_161-b12) (build 1.8.0_161-b12)
# Java VM: Java HotSpot(TM) 64-Bit Server VM (25.161-b12 mixed mode bsd-amd64 compressed oops)
Heap:
 PSYoungGen      total 173568K, used 60887K [0x0000000795580000, 0x00000007a0e00000, 0x00000007c0000000)
  eden space 159232K, 38% used [0x0000000795580000,0x00000007990f5f90,0x000000079f100000)
  from space 14336K, 0% used [0x00000007a0000000,0x00000007a0000000,0x00000007a0e00000)
  to   space 14848K, 0% used [0x000000079f100000,0x000000079f100000,0x000000079ff80000)
 ParOldGen       total 73216K, used 23186K [0x0000000740000000, 0x0000000744780000, 0x0000000795580000)
  object space 73216K, 31% used [0x0000000740000000,0x00000007416a4a58,0x0000000744780000)
 Metaspace       used 40575K, capacity 42496K, committed 42792K, reserved 1087488K
  class space    used 5169K, capacity 5562K, committed 5672K, reserved 1048576K
GC Heap History (10 events):
Event: 100.353 GC heap before
{Heap before GC invocations=12 (full 2):
 PSYoungGen      total 123904K, used 111104K [0x0000000795580000, 0x00000007a1400000, 0x00000007c0000000)
  eden space 111104K, 100% used [0x0000000795580000,0x000000079c200000,0x000000079c200000)
  from space 12800K, 0% used [0x000000079c200000,0x000000079c200000,0x000000079ce80000)
  to   space 14336K, 0% used [0x00000007a0600000,0x00000007a0600000,0x00000007a1400000)
 ParOldGen       total 73216K, used 21617K [0x0000000740000000, 0x0000000744780000, 0x0000000795580000)
  object space 73216K, 29% used [0x0000000740000000,0x000000074151c558,0x0000000744780000)
 Metaspace       used 39533K, capacity 41284K, committed 41384K, reserved 1085440K
  class space    used 5113K, capacity 5477K, committed 5544K, reserved 1048576K
Event: 100.373 GC heap after
Heap after GC invocations=12 (full 2):
 PSYoungGen      total 169472K, used 9766K [0x0000000795580000, 0x00000007a1000000, 0x00000007c0000000)
  eden space 159232K, 0% used [0x0000000795580000,0x0000000795580000,0x000000079f100000)
  from space 10240K, 95% used [0x00000007a0600000,0x00000007a0f89870,0x00000007a1000000)
  to   space 14848K, 0% used [0x000000079f300000,0x000000079f300000,0x00000007a0180000)
 ParOldGen       total 73216K, used 21625K [0x0000000740000000, 0x0000000744780000, 0x0000000795580000)
  object space 73216K, 29% used [0x0000000740000000,0x000000074151e558,0x0000000744780000)
 Metaspace       used 39533K, capacity 41284K, committed 41384K, reserved 1085440K
  class space    used 5113K, capacity 5477K, committed 5544K, reserved 1048576K
}
Event: 100.396 GC heap before
{Heap before GC invocations=13 (full 2):
 PSYoungGen      total 169472K, used 20485K [0x0000000795580000, 0x00000007a1000000, 0x00000007c0000000)
  eden space 159232K, 6% used [0x0000000795580000,0x0000000795ff7e90,0x000000079f100000)
  from space 10240K, 95% used [0x00000007a0600000,0x00000007a0f89870,0x00000007a1000000)
  to   space 14848K, 0% used [0x000000079f300000,0x000000079f300000,0x00000007a0180000)
 ParOldGen       total 73216K, used 21625K [0x0000000740000000, 0x0000000744780000, 0x0000000795580000)
  object space 73216K, 29% used [0x0000000740000000,0x000000074151e558,0x0000000744780000)
 Metaspace       used 39614K, capacity 41354K, committed 41640K, reserved 1085440K
  class space    used 5123K, capacity 5479K, committed 5544K, reserved 1048576K
Event: 100.404 GC heap after
Heap after GC invocations=13 (full 2):
 PSYoungGen      total 159744K, used 160K [0x0000000795580000, 0x00000007a0f00000, 0x00000007c0000000)
  eden space 159232K, 0% used [0x0000000795580000,0x0000000795580000,0x000000079f100000)
  from space 512K, 31% used [0x000000079f300000,0x000000079f328000,0x000000079f380000)
  to   space 15360K, 0% used [0x00000007a0000000,0x00000007a0000000,0x00000007a0f00000)
 ParOldGen       total 73216K, used 26805K [0x0000000740000000, 0x0000000744780000, 0x0000000795580000)
  object space 73216K, 36% used [0x0000000740000000,0x0000000741a2d438,0x0000000744780000)
 Metaspace       used 39614K, capacity 41354K, committed 41640K, reserved 1085440K
  class space    used 5123K, capacity 5479K, committed 5544K, reserved 1048576K
}
Event: 100.404 GC heap before
{Heap before GC invocations=14 (full 3):
 PSYoungGen      total 159744K, used 160K [0x0000000795580000, 0x00000007a0f00000, 0x00000007c0000000)
  eden space 159232K, 0% used [0x0000000795580000,0x0000000795580000,0x000000079f100000)
  from space 512K, 31% used [0x000000079f300000,0x000000079f328000,0x000000079f380000)
  to   space 15360K, 0% used [0x00000007a0000000,0x00000007a0000000,0x00000007a0f00000)
 ParOldGen       total 73216K, used 26805K [0x0000000740000000, 0x0000000744780000, 0x0000000795580000)
  object space 73216K, 36% used [0x0000000740000000,0x0000000741a2d438,0x0000000744780000)
 Metaspace       used 39614K, capacity 41354K, committed 41640K, reserved 1085440K
  class space    used 5123K, capacity 5479K, committed 5544K, reserved 1048576K
Event: 100.601 GC heap after
Heap after GC invocations=14 (full 3):
 PSYoungGen      total 159744K, used 0K [0x0000000795580000, 0x00000007a0f00000, 0x00000007c0000000)
  eden space 159232K, 0% used [0x0000000795580000,0x0000000795580000,0x000000079f100000)
  from space 512K, 0% used [0x000000079f300000,0x000000079f300000,0x000000079f380000)
  to   space 15360K, 0% used [0x00000007a0000000,0x00000007a0000000,0x00000007a0f00000)
 ParOldGen       total 73216K, used 21830K [0x0000000740000000, 0x0000000744780000, 0x0000000795580000)
  object space 73216K, 29% used [0x0000000740000000,0x0000000741551918,0x0000000744780000)
 Metaspace       used 39614K, capacity 41354K, committed 41640K, reserved 1085440K
  class space    used 5123K, capacity 5479K, committed 5544K, reserved 1048576K
}
Event: 186.047 GC heap before
{Heap before GC invocations=15 (full 3):
 PSYoungGen      total 159744K, used 114213K [0x0000000795580000, 0x00000007a0f00000, 0x00000007c0000000)
  eden space 159232K, 71% used [0x0000000795580000,0x000000079c5097d0,0x000000079f100000)
  from space 512K, 0% used [0x000000079f300000,0x000000079f300000,0x000000079f380000)
  to   space 15360K, 0% used [0x00000007a0000000,0x00000007a0000000,0x00000007a0f00000)
 ParOldGen       total 73216K, used 21830K [0x0000000740000000, 0x0000000744780000, 0x0000000795580000)
  object space 73216K, 29% used [0x0000000740000000,0x0000000741551918,0x0000000744780000)
 Metaspace       used 40345K, capacity 42274K, committed 42408K, reserved 1085440K
  class space    used 5157K, capacity 5544K, committed 5544K, reserved 1048576K
Event: 186.054 GC heap after
Heap after GC invocations=15 (full 3):
 PSYoungGen      total 173568K, used 3403K [0x0000000795580000, 0x00000007a0e00000, 0x00000007c0000000)
  eden space 159232K, 0% used [0x0000000795580000,0x0000000795580000,0x000000079f100000)
  from space 14336K, 23% used [0x00000007a0000000,0x00000007a0352d00,0x00000007a0e00000)
  to   space 14848K, 0% used [0x000000079f100000,0x000000079f100000,0x000000079ff80000)
 ParOldGen       total 73216K, used 21838K [0x0000000740000000, 0x0000000744780000, 0x0000000795580000)
  object space 73216K, 29% used [0x0000000740000000,0x0000000741553918,0x0000000744780000)
 Metaspace       used 40345K, capacity 42274K, committed 42408K, reserved 1085440K
  class space    used 5157K, capacity 5544K, committed 5544K, reserved 1048576K
}
Event: 186.054 GC heap before
{Heap before GC invocations=16 (full 4):
 PSYoungGen      total 173568K, used 3403K [0x0000000795580000, 0x00000007a0e00000, 0x00000007c0000000)
  eden space 159232K, 0% used [0x0000000795580000,0x0000000795580000,0x000000079f100000)
  from space 14336K, 23% used [0x00000007a0000000,0x00000007a0352d00,0x00000007a0e00000)
  to   space 14848K, 0% used [0x000000079f100000,0x000000079f100000,0x000000079ff80000)
 ParOldGen       total 73216K, used 21838K [0x0000000740000000, 0x0000000744780000, 0x0000000795580000)
  object space 73216K, 29% used [0x0000000740000000,0x0000000741553918,0x0000000744780000)
 Metaspace       used 40345K, capacity 42274K, committed 42408K, reserved 1085440K
  class space    used 5157K, capacity 5544K, committed 5544K, reserved 1048576K
Event: 186.329 GC heap after
Heap after GC invocations=16 (full 4):
 PSYoungGen      total 173568K, used 0K [0x0000000795580000, 0x00000007a0e00000, 0x00000007c0000000)
  eden space 159232K, 0% used [0x0000000795580000,0x0000000795580000,0x000000079f100000)
  from space 14336K, 0% used [0x00000007a0000000,0x00000007a0000000,0x00000007a0e00000)
  to   space 14848K, 0% used [0x000000079f100000,0x000000079f100000,0x000000079ff80000)
 ParOldGen       total 73216K, used 23186K [0x0000000740000000, 0x0000000744780000, 0x0000000795580000)
  object space 73216K, 31% used [0x0000000740000000,0x00000007416a4a58,0x0000000744780000)
 Metaspace       used 40345K, capacity 42274K, committed 42408K, reserved 1085440K
  class space    used 5157K, capacity 5544K, committed 5544K, reserved 1048576K
}

